<?xml version="1.0" encoding="UTF-8"?>
<!-- Generated by org.testng.reporters.JUnitXMLReporter -->
<testsuite ignored="0" hostname="CHOTU" failures="0" tests="24" name="Documents API Tests" time="8.582" errors="0" timestamp="2026-06-14T13:45:36 IST">
  <testcase classname="com.ka.api.tests.DocumentsApiNegativeTest" name="documents_negative_scenarios" time="0.503"/>
  <testcase classname="com.ka.api.tests.DocumentsApiPositiveTest" name="documents_positive_scenarios" time="0.543"/>
  <testcase classname="com.ka.api.tests.DocumentsApiNegativeTest" name="documents_negative_scenarios" time="0.586"/>
  <testcase classname="com.ka.api.tests.DocumentsApiPositiveTest" name="documents_positive_scenarios" time="0.776"/>
  <testcase classname="com.ka.api.tests.DocumentsApiNegativeTest" name="documents_negative_scenarios" time="0.417"/>
  <testcase classname="com.ka.api.tests.DocumentsApiPositiveTest" name="documents_positive_scenarios" time="0.514"/>
  <testcase classname="com.ka.api.tests.DocumentsApiNegativeTest" name="documents_negative_scenarios" time="0.504"/>
  <testcase classname="com.ka.api.tests.DocumentsApiPositiveTest" name="documents_positive_scenarios" time="0.506"/>
  <testcase classname="com.ka.api.tests.DocumentsApiNegativeTest" name="documents_negative_scenarios" time="0.511"/>
  <testcase classname="com.ka.api.tests.DocumentsApiNegativeTest" name="documents_negative_scenarios" time="0.396"/>
  <testcase classname="com.ka.api.tests.DocumentsApiPositiveTest" name="documents_positive_scenarios" time="0.593"/>
  <testcase classname="com.ka.api.tests.DocumentsApiNegativeTest" name="documents_negative_scenarios" time="0.822"/>
  <testcase classname="com.ka.api.tests.DocumentsApiPositiveTest" name="documents_positive_scenarios" time="1.507"/>
  <testcase classname="com.ka.api.tests.DocumentsApiPositiveTest" name="documents_positive_scenarios" time="0.635"/>
  <testcase classname="com.ka.api.tests.DocumentsApiNegativeTest" name="documents_negative_scenarios" time="1.536"/>
  <testcase classname="com.ka.api.tests.DocumentsApiPositiveTest" name="documents_positive_scenarios" time="0.64"/>
  <testcase classname="com.ka.api.tests.DocumentsApiNegativeTest" name="documents_negative_scenarios" time="0.627"/>
  <testcase classname="com.ka.api.tests.DocumentsApiPositiveTest" name="documents_positive_scenarios" time="0.5"/>
  <testcase classname="com.ka.api.tests.DocumentsApiNegativeTest" name="documents_negative_scenarios" time="0.428"/>
  <testcase classname="com.ka.api.tests.DocumentsApiPositiveTest" name="documents_positive_scenarios" time="0.66"/>
  <testcase classname="com.ka.api.tests.DocumentsApiPositiveTest" name="documents_positive_scenarios" time="0.342"/>
  <testcase classname="com.ka.api.tests.DocumentsApiPositiveTest" name="documents_positive_scenarios" time="0.441"/>
  <testcase classname="com.ka.api.tests.DocumentsApiPositiveTest" name="documents_positive_scenarios" time="0.379"/>
  <testcase classname="com.ka.api.tests.DocumentsApiPositiveTest" name="documents_positive_scenarios" time="0.507"/>
</testsuite> <!-- Documents API Tests -->
