<?xml version="1.0" encoding="UTF-8"?>
<!-- Generated by org.testng.reporters.JUnitXMLReporter -->
<testsuite ignored="0" hostname="CHOTU" failures="0" tests="26" name="Query API Tests" time="13.09" errors="0" timestamp="2026-06-14T13:45:28 IST">
  <testcase classname="com.ka.api.tests.QueryApiPositiveTest" name="query_positive_scenarios" time="3.429"/>
  <testcase classname="com.ka.api.tests.QueryApiSecurityTest" name="query_security_matrix" time="3.43"/>
  <testcase classname="com.ka.api.tests.QueryApiNegativeTest" name="query_negative_scenarios" time="3.629"/>
  <testcase classname="com.ka.api.tests.QueryApiSecurityTest" name="query_security_matrix" time="0.481"/>
  <testcase classname="com.ka.api.tests.QueryApiNegativeTest" name="query_negative_scenarios" time="0.57"/>
  <testcase classname="com.ka.api.tests.QueryApiPositiveTest" name="query_positive_scenarios" time="0.764"/>
  <testcase classname="com.ka.api.tests.QueryApiSecurityTest" name="query_security_matrix" time="0.49"/>
  <testcase classname="com.ka.api.tests.QueryApiPositiveTest" name="query_positive_scenarios" time="0.501"/>
  <testcase classname="com.ka.api.tests.QueryApiNegativeTest" name="query_negative_scenarios" time="0.556"/>
  <testcase classname="com.ka.api.tests.QueryApiSecurityTest" name="query_security_matrix" time="0.483"/>
  <testcase classname="com.ka.api.tests.QueryApiPositiveTest" name="query_positive_scenarios" time="0.422"/>
  <testcase classname="com.ka.api.tests.QueryApiNegativeTest" name="query_negative_scenarios" time="0.481"/>
  <testcase classname="com.ka.api.tests.QueryApiPositiveTest" name="query_positive_scenarios" time="0.469"/>
  <testcase classname="com.ka.api.tests.QueryApiPositiveTest" name="query_positive_scenarios" time="0.387"/>
  <testcase classname="com.ka.api.tests.QueryApiPositiveTest" name="query_positive_scenarios" time="0.387"/>
  <testcase classname="com.ka.api.tests.QueryApiPositiveTest" name="query_positive_scenarios" time="0.663"/>
  <testcase classname="com.ka.api.tests.QueryApiNegativeTest" name="query_negative_scenarios" time="1.84"/>
  <testcase classname="com.ka.api.tests.QueryApiNegativeTest" name="query_negative_scenarios" time="0.517"/>
  <testcase classname="com.ka.api.tests.QueryApiNegativeTest" name="query_negative_scenarios" time="0.596"/>
  <testcase classname="com.ka.api.tests.QueryApiNegativeTest" name="query_negative_scenarios" time="0.595"/>
  <testcase classname="com.ka.api.tests.QueryApiNegativeTest" name="query_negative_scenarios" time="0.542"/>
  <testcase classname="com.ka.api.tests.QueryApiNegativeTest" name="query_negative_scenarios" time="0.372"/>
  <testcase classname="com.ka.api.tests.QueryApiNegativeTest" name="query_negative_scenarios" time="0.456"/>
  <testcase classname="com.ka.api.tests.QueryApiNegativeTest" name="query_negative_scenarios" time="0.54"/>
  <testcase classname="com.ka.api.tests.QueryApiNegativeTest" name="query_negative_scenarios" time="0.604"/>
  <testcase classname="com.ka.api.tests.QueryApiNegativeTest" name="query_negative_scenarios" time="0.53"/>
</testsuite> <!-- Query API Tests -->
