<?xml version="1.0" encoding="UTF-8"?>
<!-- Generated by org.testng.reporters.JUnitReportReporter -->
<testsuite hostname="CHOTU" failures="0" tests="8" name="com.ka.api.tests.QueryApiPositiveTest" time="7.022" errors="0" timestamp="2026-06-14T13:45:37 IST" skipped="0">
  <testcase classname="com.ka.api.tests.QueryApiPositiveTest" name="query_positive_scenarios" time="0.469"/>
  <testcase classname="com.ka.api.tests.QueryApiPositiveTest" name="query_positive_scenarios" time="0.501"/>
  <testcase classname="com.ka.api.tests.QueryApiPositiveTest" name="query_positive_scenarios" time="0.764"/>
  <testcase classname="com.ka.api.tests.QueryApiPositiveTest" name="query_positive_scenarios" time="3.429"/>
  <testcase classname="com.ka.api.tests.QueryApiPositiveTest" name="query_positive_scenarios" time="0.387"/>
  <testcase classname="com.ka.api.tests.QueryApiPositiveTest" name="query_positive_scenarios" time="0.387"/>
  <testcase classname="com.ka.api.tests.QueryApiPositiveTest" name="query_positive_scenarios" time="0.422"/>
  <testcase classname="com.ka.api.tests.QueryApiPositiveTest" name="query_positive_scenarios" time="0.663"/>
</testsuite> <!-- com.ka.api.tests.QueryApiPositiveTest -->
