<?xml version="1.0" encoding="UTF-8"?>
<!-- Generated by org.testng.reporters.JUnitReportReporter -->
<testsuite hostname="CHOTU" failures="0" tests="10" name="com.ka.api.tests.DocumentsApiNegativeTest" time="6.330" errors="0" timestamp="2026-06-14T13:45:37 IST" skipped="0">
  <testcase classname="com.ka.api.tests.DocumentsApiNegativeTest" name="documents_negative_scenarios" time="1.536"/>
  <testcase classname="com.ka.api.tests.DocumentsApiNegativeTest" name="documents_negative_scenarios" time="0.822"/>
  <testcase classname="com.ka.api.tests.DocumentsApiNegativeTest" name="documents_negative_scenarios" time="0.511"/>
  <testcase classname="com.ka.api.tests.DocumentsApiNegativeTest" name="documents_negative_scenarios" time="0.504"/>
  <testcase classname="com.ka.api.tests.DocumentsApiNegativeTest" name="documents_negative_scenarios" time="0.627"/>
  <testcase classname="com.ka.api.tests.DocumentsApiNegativeTest" name="documents_negative_scenarios" time="0.396"/>
  <testcase classname="com.ka.api.tests.DocumentsApiNegativeTest" name="documents_negative_scenarios" time="0.417"/>
  <testcase classname="com.ka.api.tests.DocumentsApiNegativeTest" name="documents_negative_scenarios" time="0.503"/>
  <testcase classname="com.ka.api.tests.DocumentsApiNegativeTest" name="documents_negative_scenarios" time="0.428"/>
  <testcase classname="com.ka.api.tests.DocumentsApiNegativeTest" name="documents_negative_scenarios" time="0.586"/>
</testsuite> <!-- com.ka.api.tests.DocumentsApiNegativeTest -->
