<?xml version="1.0" encoding="UTF-8"?>
<!-- Generated by org.testng.reporters.JUnitReportReporter -->
<testsuite hostname="CHOTU" failures="0" tests="14" name="com.ka.api.tests.QueryApiNegativeTest" time="11.828" errors="0" timestamp="2026-06-14T13:45:37 IST" skipped="0">
  <testcase classname="com.ka.api.tests.QueryApiNegativeTest" name="query_negative_scenarios" time="0.372"/>
  <testcase classname="com.ka.api.tests.QueryApiNegativeTest" name="query_negative_scenarios" time="1.840"/>
  <testcase classname="com.ka.api.tests.QueryApiNegativeTest" name="query_negative_scenarios" time="0.556"/>
  <testcase classname="com.ka.api.tests.QueryApiNegativeTest" name="query_negative_scenarios" time="0.456"/>
  <testcase classname="com.ka.api.tests.QueryApiNegativeTest" name="query_negative_scenarios" time="0.481"/>
  <testcase classname="com.ka.api.tests.QueryApiNegativeTest" name="query_negative_scenarios" time="0.530"/>
  <testcase classname="com.ka.api.tests.QueryApiNegativeTest" name="query_negative_scenarios" time="0.542"/>
  <testcase classname="com.ka.api.tests.QueryApiNegativeTest" name="query_negative_scenarios" time="3.629"/>
  <testcase classname="com.ka.api.tests.QueryApiNegativeTest" name="query_negative_scenarios" time="0.540"/>
  <testcase classname="com.ka.api.tests.QueryApiNegativeTest" name="query_negative_scenarios" time="0.570"/>
  <testcase classname="com.ka.api.tests.QueryApiNegativeTest" name="query_negative_scenarios" time="0.517"/>
  <testcase classname="com.ka.api.tests.QueryApiNegativeTest" name="query_negative_scenarios" time="0.596"/>
  <testcase classname="com.ka.api.tests.QueryApiNegativeTest" name="query_negative_scenarios" time="0.595"/>
  <testcase classname="com.ka.api.tests.QueryApiNegativeTest" name="query_negative_scenarios" time="0.604"/>
</testsuite> <!-- com.ka.api.tests.QueryApiNegativeTest -->
