<?xml version="1.0" encoding="UTF-8"?>
<!-- Generated by org.testng.reporters.JUnitReportReporter -->
<testsuite hostname="CHOTU" failures="0" tests="14" name="com.ka.api.tests.DocumentsApiPositiveTest" time="8.543" errors="0" timestamp="2026-06-14T13:45:37 IST" skipped="0">
  <testcase classname="com.ka.api.tests.DocumentsApiPositiveTest" name="documents_positive_scenarios" time="0.379"/>
  <testcase classname="com.ka.api.tests.DocumentsApiPositiveTest" name="documents_positive_scenarios" time="0.500"/>
  <testcase classname="com.ka.api.tests.DocumentsApiPositiveTest" name="documents_positive_scenarios" time="0.543"/>
  <testcase classname="com.ka.api.tests.DocumentsApiPositiveTest" name="documents_positive_scenarios" time="0.640"/>
  <testcase classname="com.ka.api.tests.DocumentsApiPositiveTest" name="documents_positive_scenarios" time="0.593"/>
  <testcase classname="com.ka.api.tests.DocumentsApiPositiveTest" name="documents_positive_scenarios" time="0.776"/>
  <testcase classname="com.ka.api.tests.DocumentsApiPositiveTest" name="documents_positive_scenarios" time="0.514"/>
  <testcase classname="com.ka.api.tests.DocumentsApiPositiveTest" name="documents_positive_scenarios" time="0.441"/>
  <testcase classname="com.ka.api.tests.DocumentsApiPositiveTest" name="documents_positive_scenarios" time="0.506"/>
  <testcase classname="com.ka.api.tests.DocumentsApiPositiveTest" name="documents_positive_scenarios" time="0.635"/>
  <testcase classname="com.ka.api.tests.DocumentsApiPositiveTest" name="documents_positive_scenarios" time="0.342"/>
  <testcase classname="com.ka.api.tests.DocumentsApiPositiveTest" name="documents_positive_scenarios" time="1.507"/>
  <testcase classname="com.ka.api.tests.DocumentsApiPositiveTest" name="documents_positive_scenarios" time="0.660"/>
  <testcase classname="com.ka.api.tests.DocumentsApiPositiveTest" name="documents_positive_scenarios" time="0.507"/>
</testsuite> <!-- com.ka.api.tests.DocumentsApiPositiveTest -->
