<?xml version="1.0" encoding="UTF-8"?>
<!-- Generated by org.testng.reporters.JUnitReportReporter -->
<testsuite hostname="CHOTU" failures="0" tests="4" name="com.ka.api.tests.QueryApiSecurityTest" time="4.884" errors="0" timestamp="2026-06-14T13:45:37 IST" skipped="0">
  <testcase classname="com.ka.api.tests.QueryApiSecurityTest" name="query_security_matrix" time="0.490"/>
  <testcase classname="com.ka.api.tests.QueryApiSecurityTest" name="query_security_matrix" time="0.481"/>
  <testcase classname="com.ka.api.tests.QueryApiSecurityTest" name="query_security_matrix" time="3.430"/>
  <testcase classname="com.ka.api.tests.QueryApiSecurityTest" name="query_security_matrix" time="0.483"/>
</testsuite> <!-- com.ka.api.tests.QueryApiSecurityTest -->
